#! /c/Source/iverilog-install/bin/vvp
:ivl_version "12.0 (devel)" "(s20150603-1539-g2693dd32b)";
:ivl_delay_selection "TYPICAL";
:vpi_time_precision + 0;
:vpi_module "C:\iverilog\lib\ivl\system.vpi";
:vpi_module "C:\iverilog\lib\ivl\vhdl_sys.vpi";
:vpi_module "C:\iverilog\lib\ivl\vhdl_textio.vpi";
:vpi_module "C:\iverilog\lib\ivl\v2005_math.vpi";
:vpi_module "C:\iverilog\lib\ivl\va_math.vpi";
S_00000187e0be2ce0 .scope module, "TOP" "TOP" 2 1;
 .timescale 0 0;
    .port_info 0 /INPUT 32 "iData";
    .port_info 1 /OUTPUT 32 "oData";
P_00000187e0be33c0 .param/l "BW_DATA" 0 2 2, +C4<00000000000000000000000000100000>;
P_00000187e0be33f8 .param/l "END" 0 2 3, +C4<00000000000000000000000000000000>;
o00000187e0c16f58 .functor BUFZ 32, C4<zzzzzzzzzzzzzzzzzzzzzzzzzzzzzzzz>; HiZ drive
L_00000187e0d1ef60 .functor BUFZ 32, o00000187e0c16f58, C4<00000000000000000000000000000000>, C4<00000000000000000000000000000000>, C4<00000000000000000000000000000000>;
v00000187e0be3250_0 .net "iData", 31 0, o00000187e0c16f58;  0 drivers
v00000187e0d1eec0_0 .net "oData", 31 0, L_00000187e0d1ef60;  1 drivers
# The file index is used to find the file name in the following table.
:file_names 3;
    "N/A";
    "<interactive>";
    ".\TOP.v";
